<?xml version="1.0" encoding="UTF-8"?>
<!-- Generated by org.testng.reporters.JUnitXMLReporter -->
<testsuite hostname="Sahoor-PC" name="Grouping in TestNG" tests="3" failures="0" timestamp="30 May 2018 10:50:27 GMT" time="0.088" errors="0">
  <testcase name="test1" time="0.03" classname="TestNG.GroupinginTestng"/>
  <testcase name="test2" time="0.004" classname="TestNG.GroupinginTestng"/>
  <testcase name="test3" time="0.003" classname="TestNG.GroupinginTestng"/>
</testsuite> <!-- Grouping in TestNG -->
