<?xml version="1.0" encoding="UTF-8"?>
<!-- Generated by org.testng.reporters.JUnitXMLReporter -->
<testsuite hostname="Sahoor-PC" name="Test" tests="5" failures="1" timestamp="2 Jun 2018 06:21:02 GMT" time="20.298" errors="0">
  <testcase name="TestFB" time="0.036" classname="TestNG.Testng3">
    <failure type="java.lang.AssertionError">
      <![CDATA[java.lang.AssertionError
	at org.junit.Assert.fail(Assert.java:86)
	at org.junit.Assert.assertTrue(Assert.java:41)
	at org.junit.Assert.assertTrue(Assert.java:52)
	at TestNG.Testng3.TestFB(Testng3.java:13)
... Removed 24 stack frames]]>
    </failure>
  </testcase> <!-- TestFB -->
  <testcase name="TestTwiterX" time="0.006" classname="TestNG.TestNg2"/>
  <testcase name="TestFB" time="0.004" classname="TestNG.TestNg1"/>
  <testcase name="test" time="12.084" classname="TestNG.Dataproviderr"/>
  <testcase name="test" time="8.092" classname="TestNG.Dataproviderr"/>
</testsuite> <!-- Test -->
