<?xml version="1.0" encoding="UTF-8"?>
<testng-results skipped="0" failed="0" total="1" passed="1">
  <reporter-output>
  </reporter-output>
  <suite name="Default suite" duration-ms="43897" started-at="2018-06-02T06:25:20Z" finished-at="2018-06-02T06:26:04Z">
    <groups>
    </groups>
    <test name="Default test" duration-ms="43897" started-at="2018-06-02T06:25:20Z" finished-at="2018-06-02T06:26:04Z">
      <class name="DDT.NaukriUpdate">
        <test-method status="PASS" signature="t1()[pri:0, instance:DDT.NaukriUpdate@47c62251]" name="t1" duration-ms="43863" started-at="2018-06-02T11:55:20Z" finished-at="2018-06-02T11:56:04Z">
          <reporter-output>
          </reporter-output>
        </test-method> <!-- t1 -->
      </class> <!-- DDT.NaukriUpdate -->
    </test> <!-- Default test -->
  </suite> <!-- Default suite -->
</testng-results>
