<?xml version="1.0" encoding="UTF-8"?>
<!-- Generated by org.testng.reporters.JUnitXMLReporter -->
<testsuite hostname="Sahoor-PC" name="Test1" tests="3" failures="1" timestamp="30 May 2018 10:51:39 GMT" time="0.106" errors="0">
  <testcase name="TestFB" time="0.039" classname="TestNG.Testng3">
    <failure type="java.lang.AssertionError">
      <![CDATA[java.lang.AssertionError
	at org.junit.Assert.fail(Assert.java:86)
	at org.junit.Assert.assertTrue(Assert.java:41)
	at org.junit.Assert.assertTrue(Assert.java:52)
	at TestNG.Testng3.TestFB(Testng3.java:13)
... Removed 24 stack frames]]>
    </failure>
  </testcase> <!-- TestFB -->
  <testcase name="TestTwiterX" time="0.004" classname="TestNG.TestNg2"/>
  <testcase name="TestFB" time="0.003" classname="TestNG.TestNg1"/>
</testsuite> <!-- Test1 -->
